[debug] [2019-09-27T13:54:42.951Z] ----------------------------------------------------------------------
[debug] [2019-09-27T13:54:42.954Z] Command:       C:\Program Files\nodejs\node.exe C:\Users\luluc\AppData\Roaming\npm\node_modules\firebase-tools\lib\bin\firebase.js serve
[debug] [2019-09-27T13:54:42.954Z] CLI Version:   7.3.2
[debug] [2019-09-27T13:54:42.954Z] Platform:      win32
[debug] [2019-09-27T13:54:42.954Z] Node Version:  v12.5.0
[debug] [2019-09-27T13:54:42.955Z] Time:          Fri Sep 27 2019 10:54:42 GMT-0300 (GMT-03:00)
[debug] [2019-09-27T13:54:42.955Z] ----------------------------------------------------------------------
[debug] 
[debug] [2019-09-27T13:54:42.965Z] > command requires scopes: ["email","openid","https://www.googleapis.com/auth/cloudplatformprojects.readonly","https://www.googleapis.com/auth/firebase","https://www.googleapis.com/auth/cloud-platform"]
[debug] [2019-09-27T13:54:42.966Z] > authorizing via signed-in user
[debug] [2019-09-27T13:54:42.966Z] [iam] checking project luana04061997 for permissions ["firebase.projects.get"]
[debug] [2019-09-27T13:54:42.968Z] >>> HTTP REQUEST POST https://cloudresourcemanager.googleapis.com/v1/projects/luana04061997:testIamPermissions  

[debug] [2019-09-27T13:54:44.077Z] <<< HTTP RESPONSE 200
[debug] [2019-09-27T13:54:44.084Z] >>> HTTP REQUEST GET https://firebase.googleapis.com/v1beta1/projects/luana04061997  
 
[debug] [2019-09-27T13:54:45.395Z] <<< HTTP RESPONSE 200
[info] 
[info] === Serving from 'C:\Users\luluc\testeFire'...
[info] 
[debug] [2019-09-27T13:54:45.405Z] >>> HTTP REQUEST GET https://firebase.googleapis.com/v1beta1/projects/luana04061997/webApps/-/config  
 
[debug] [2019-09-27T13:54:46.845Z] <<< HTTP RESPONSE 200
[info] i  hosting: Serving hosting files from: public
[info] +  hosting: Local server: http://localhost:5000
[debug] [2019-09-27T14:20:30.235Z] ----------------------------------------------------------------------
[debug] [2019-09-27T14:20:30.237Z] Command:       C:\Program Files\nodejs\node.exe C:\Users\luluc\AppData\Roaming\npm\node_modules\firebase-tools\lib\bin\firebase.js serve --only functions,hosting
[debug] [2019-09-27T14:20:30.237Z] CLI Version:   7.3.2
[debug] [2019-09-27T14:20:30.237Z] Platform:      win32
[debug] [2019-09-27T14:20:30.237Z] Node Version:  v12.5.0
[debug] [2019-09-27T14:20:30.238Z] Time:          Fri Sep 27 2019 11:20:30 GMT-0300 (GMT-03:00)
[debug] [2019-09-27T14:20:30.238Z] ----------------------------------------------------------------------
[debug] 
[debug] [2019-09-27T14:20:30.247Z] > command requires scopes: ["email","openid","https://www.googleapis.com/auth/cloudplatformprojects.readonly","https://www.googleapis.com/auth/firebase","https://www.googleapis.com/auth/cloud-platform"]
[debug] [2019-09-27T14:20:30.249Z] > authorizing via signed-in user
[debug] [2019-09-27T14:20:30.249Z] [iam] checking project luana04061997 for permissions ["firebase.projects.get"]
[debug] [2019-09-27T14:20:30.251Z] > refreshing access token with scopes: ["email","https://www.googleapis.com/auth/cloud-platform","https://www.googleapis.com/auth/cloudplatformprojects.readonly","https://www.googleapis.com/auth/firebase","openid"]
[debug] [2019-09-27T14:20:30.251Z] >>> HTTP REQUEST POST https://www.googleapis.com/oauth2/v3/token  
 <request body omitted>
[debug] [2019-09-27T14:20:30.616Z] <<< HTTP RESPONSE 200
[debug] [2019-09-27T14:20:30.689Z] >>> HTTP REQUEST POST https://cloudresourcemanager.googleapis.com/v1/projects/luana04061997:testIamPermissions  

[debug] [2019-09-27T14:20:31.866Z] <<< HTTP RESPONSE 200
[debug] [2019-09-27T14:20:31.871Z] >>> HTTP REQUEST GET https://firebase.googleapis.com/v1beta1/projects/luana04061997  
 
[debug] [2019-09-27T14:20:33.234Z] <<< HTTP RESPONSE 200
[debug] [2019-09-27T14:20:33.364Z] >>> HTTP REQUEST GET https://firebase.googleapis.com/v1beta1/projects/luana04061997/webApps/-/config  
 
[debug] [2019-09-27T14:20:33.373Z] TypeError [ERR_INVALID_ARG_TYPE]: The "path" argument must be of type string. Received type undefined
    at validateString (internal/validators.js:107:11)
    at Object.join (path.js:372:7)
    at new FunctionsEmulator (C:\Users\luluc\AppData\Roaming\npm\node_modules\firebase-tools\lib\emulator\functionsEmulator.js:42:34)
    at Object.<anonymous> (C:\Users\luluc\AppData\Roaming\npm\node_modules\firebase-tools\lib\serve\functions.js:39:71)
    at Generator.next (<anonymous>)
    at C:\Users\luluc\AppData\Roaming\npm\node_modules\firebase-tools\lib\serve\functions.js:7:71
    at new Promise (<anonymous>)
    at __awaiter (C:\Users\luluc\AppData\Roaming\npm\node_modules\firebase-tools\lib\serve\functions.js:3:12)
    at Object.start (C:\Users\luluc\AppData\Roaming\npm\node_modules\firebase-tools\lib\serve\functions.js:16:16)
    at C:\Users\luluc\AppData\Roaming\npm\node_modules\firebase-tools\lib\serve\index.js:15:23
[error] 
[error] Error: An unexpected error has occurred.
[debug] [2019-09-27T14:21:04.845Z] ----------------------------------------------------------------------
[debug] [2019-09-27T14:21:04.847Z] Command:       C:\Program Files\nodejs\node.exe C:\Users\luluc\AppData\Roaming\npm\node_modules\firebase-tools\lib\bin\firebase.js serve --only hosting
[debug] [2019-09-27T14:21:04.848Z] CLI Version:   7.3.2
[debug] [2019-09-27T14:21:04.848Z] Platform:      win32
[debug] [2019-09-27T14:21:04.848Z] Node Version:  v12.5.0
[debug] [2019-09-27T14:21:04.849Z] Time:          Fri Sep 27 2019 11:21:04 GMT-0300 (GMT-03:00)
[debug] [2019-09-27T14:21:04.849Z] ----------------------------------------------------------------------
[debug] 
[debug] [2019-09-27T14:21:04.858Z] > command requires scopes: ["email","openid","https://www.googleapis.com/auth/cloudplatformprojects.readonly","https://www.googleapis.com/auth/firebase","https://www.googleapis.com/auth/cloud-platform"]
[debug] [2019-09-27T14:21:04.859Z] > authorizing via signed-in user
[debug] [2019-09-27T14:21:04.859Z] [iam] checking project luana04061997 for permissions ["firebase.projects.get"]
[debug] [2019-09-27T14:21:04.862Z] >>> HTTP REQUEST POST https://cloudresourcemanager.googleapis.com/v1/projects/luana04061997:testIamPermissions  

[debug] [2019-09-27T14:21:05.999Z] <<< HTTP RESPONSE 200
[debug] [2019-09-27T14:21:06.006Z] >>> HTTP REQUEST GET https://firebase.googleapis.com/v1beta1/projects/luana04061997  
 
[debug] [2019-09-27T14:21:07.325Z] <<< HTTP RESPONSE 200
[debug] [2019-09-27T14:21:07.329Z] >>> HTTP REQUEST GET https://firebase.googleapis.com/v1beta1/projects/luana04061997/webApps/-/config  
 
[debug] [2019-09-27T14:21:08.741Z] <<< HTTP RESPONSE 200
[warn] !  hosting: Port 5000 is not available. Trying another port...
[info] i  hosting: Serving hosting files from: public
[info] +  hosting: Local server: http://localhost:5005
[debug] [2019-09-27T14:25:56.559Z] ----------------------------------------------------------------------
[debug] [2019-09-27T14:25:56.562Z] Command:       C:\Program Files\nodejs\node.exe C:\Users\luluc\AppData\Roaming\npm\node_modules\firebase-tools\lib\bin\firebase.js serve
[debug] [2019-09-27T14:25:56.562Z] CLI Version:   7.3.2
[debug] [2019-09-27T14:25:56.562Z] Platform:      win32
[debug] [2019-09-27T14:25:56.562Z] Node Version:  v12.5.0
[debug] [2019-09-27T14:25:56.563Z] Time:          Fri Sep 27 2019 11:25:56 GMT-0300 (GMT-03:00)
[debug] [2019-09-27T14:25:56.563Z] ----------------------------------------------------------------------
[debug] 
[debug] [2019-09-27T14:25:56.573Z] > command requires scopes: ["email","openid","https://www.googleapis.com/auth/cloudplatformprojects.readonly","https://www.googleapis.com/auth/firebase","https://www.googleapis.com/auth/cloud-platform"]
[debug] [2019-09-27T14:25:56.574Z] > authorizing via signed-in user
[debug] [2019-09-27T14:25:56.574Z] [iam] checking project luana04061997 for permissions ["firebase.projects.get"]
[debug] [2019-09-27T14:25:56.577Z] >>> HTTP REQUEST POST https://cloudresourcemanager.googleapis.com/v1/projects/luana04061997:testIamPermissions  

[debug] [2019-09-27T14:25:57.699Z] <<< HTTP RESPONSE 200
[debug] [2019-09-27T14:25:57.703Z] >>> HTTP REQUEST GET https://firebase.googleapis.com/v1beta1/projects/luana04061997  
 
[debug] [2019-09-27T14:25:58.994Z] <<< HTTP RESPONSE 200
[info] 
[info] === Serving from 'C:\Users\luluc\testeFire'...
[info] 
[debug] [2019-09-27T14:25:59.004Z] >>> HTTP REQUEST GET https://firebase.googleapis.com/v1beta1/projects/luana04061997/webApps/-/config  
 
[debug] [2019-09-27T14:26:00.333Z] <<< HTTP RESPONSE 200
[warn] !  hosting: Port 5000 is not available. Trying another port...
[warn] !  hosting: Port 5000 is not available. Trying another port...
[info] i  hosting: Serving hosting files from: public
[info] +  hosting: Local server: http://localhost:5010
[debug] [2019-09-27T23:16:38.084Z] ----------------------------------------------------------------------
[debug] [2019-09-27T23:16:38.086Z] Command:       C:\Program Files\nodejs\node.exe C:\Users\luluc\AppData\Roaming\npm\node_modules\firebase-tools\lib\bin\firebase.js serve
[debug] [2019-09-27T23:16:38.087Z] CLI Version:   7.3.2
[debug] [2019-09-27T23:16:38.087Z] Platform:      win32
[debug] [2019-09-27T23:16:38.087Z] Node Version:  v12.5.0
[debug] [2019-09-27T23:16:38.088Z] Time:          Fri Sep 27 2019 20:16:38 GMT-0300 (GMT-03:00)
[debug] [2019-09-27T23:16:38.088Z] ----------------------------------------------------------------------
[debug] 
[debug] [2019-09-27T23:16:38.202Z] > command requires scopes: ["email","openid","https://www.googleapis.com/auth/cloudplatformprojects.readonly","https://www.googleapis.com/auth/firebase","https://www.googleapis.com/auth/cloud-platform"]
[debug] [2019-09-27T23:16:38.205Z] > authorizing via signed-in user
[debug] [2019-09-27T23:16:38.206Z] [iam] checking project luana04061997 for permissions ["firebase.projects.get"]
[debug] [2019-09-27T23:16:38.212Z] > refreshing access token with scopes: ["email","https://www.googleapis.com/auth/cloud-platform","https://www.googleapis.com/auth/cloudplatformprojects.readonly","https://www.googleapis.com/auth/firebase","openid"]
[debug] [2019-09-27T23:16:38.213Z] >>> HTTP REQUEST POST https://www.googleapis.com/oauth2/v3/token  
 <request body omitted>
[debug] [2019-09-27T23:16:38.774Z] <<< HTTP RESPONSE 200
[debug] [2019-09-27T23:16:38.823Z] >>> HTTP REQUEST POST https://cloudresourcemanager.googleapis.com/v1/projects/luana04061997:testIamPermissions  

[debug] [2019-09-27T23:16:40.039Z] <<< HTTP RESPONSE 200
[debug] [2019-09-27T23:16:40.043Z] >>> HTTP REQUEST GET https://firebase.googleapis.com/v1beta1/projects/luana04061997  
 
[debug] [2019-09-27T23:16:41.553Z] <<< HTTP RESPONSE 200
[info] 
[info] === Serving from 'C:\Users\luluc\testeFire'...
[info] 
[debug] [2019-09-27T23:16:41.560Z] >>> HTTP REQUEST GET https://firebase.googleapis.com/v1beta1/projects/luana04061997/webApps/-/config  
 
[debug] [2019-09-27T23:16:43.019Z] <<< HTTP RESPONSE 200
[info] i  hosting: Serving hosting files from: public
[info] +  hosting: Local server: http://localhost:5000
[debug] [2019-09-28T11:30:23.791Z] ----------------------------------------------------------------------
[debug] [2019-09-28T11:30:23.794Z] Command:       C:\Program Files\nodejs\node.exe C:\Users\luluc\AppData\Roaming\npm\node_modules\firebase-tools\lib\bin\firebase.js serve
[debug] [2019-09-28T11:30:23.794Z] CLI Version:   7.3.2
[debug] [2019-09-28T11:30:23.794Z] Platform:      win32
[debug] [2019-09-28T11:30:23.794Z] Node Version:  v12.5.0
[debug] [2019-09-28T11:30:23.796Z] Time:          Sat Sep 28 2019 08:30:23 GMT-0300 (GMT-03:00)
[debug] [2019-09-28T11:30:23.796Z] ----------------------------------------------------------------------
[debug] 
[debug] [2019-09-28T11:30:23.895Z] > command requires scopes: ["email","openid","https://www.googleapis.com/auth/cloudplatformprojects.readonly","https://www.googleapis.com/auth/firebase","https://www.googleapis.com/auth/cloud-platform"]
[debug] [2019-09-28T11:30:23.897Z] > authorizing via signed-in user
[debug] [2019-09-28T11:30:23.897Z] [iam] checking project luana04061997 for permissions ["firebase.projects.get"]
[debug] [2019-09-28T11:30:23.901Z] > refreshing access token with scopes: ["email","https://www.googleapis.com/auth/cloud-platform","https://www.googleapis.com/auth/cloudplatformprojects.readonly","https://www.googleapis.com/auth/firebase","openid"]
[debug] [2019-09-28T11:30:23.902Z] >>> HTTP REQUEST POST https://www.googleapis.com/oauth2/v3/token  
 <request body omitted>
[debug] [2019-09-28T11:30:24.499Z] <<< HTTP RESPONSE 200
[debug] [2019-09-28T11:30:24.647Z] >>> HTTP REQUEST POST https://cloudresourcemanager.googleapis.com/v1/projects/luana04061997:testIamPermissions  

[debug] [2019-09-28T11:30:25.812Z] <<< HTTP RESPONSE 200
[debug] [2019-09-28T11:30:25.814Z] >>> HTTP REQUEST GET https://firebase.googleapis.com/v1beta1/projects/luana04061997  
 
[debug] [2019-09-28T11:30:27.208Z] <<< HTTP RESPONSE 200
[info] 
[info] === Serving from 'C:\Users\luluc\testeFire'...
[info] 
[debug] [2019-09-28T11:30:27.218Z] >>> HTTP REQUEST GET https://firebase.googleapis.com/v1beta1/projects/luana04061997/webApps/-/config  
 
[debug] [2019-09-28T11:30:28.621Z] <<< HTTP RESPONSE 200
[info] i  hosting: Serving hosting files from: public
[info] +  hosting: Local server: http://localhost:5000
[debug] [2019-09-28T13:01:57.255Z] ----------------------------------------------------------------------
[debug] [2019-09-28T13:01:57.258Z] Command:       C:\Program Files\nodejs\node.exe C:\Users\luluc\AppData\Roaming\npm\node_modules\firebase-tools\lib\bin\firebase.js serve
[debug] [2019-09-28T13:01:57.258Z] CLI Version:   7.3.2
[debug] [2019-09-28T13:01:57.258Z] Platform:      win32
[debug] [2019-09-28T13:01:57.258Z] Node Version:  v12.5.0
[debug] [2019-09-28T13:01:57.259Z] Time:          Sat Sep 28 2019 10:01:57 GMT-0300 (GMT-03:00)
[debug] [2019-09-28T13:01:57.259Z] ----------------------------------------------------------------------
[debug] 
[debug] [2019-09-28T13:01:57.268Z] > command requires scopes: ["email","openid","https://www.googleapis.com/auth/cloudplatformprojects.readonly","https://www.googleapis.com/auth/firebase","https://www.googleapis.com/auth/cloud-platform"]
[debug] [2019-09-28T13:01:57.269Z] > authorizing via signed-in user
[debug] [2019-09-28T13:01:57.270Z] [iam] checking project luana04061997 for permissions ["firebase.projects.get"]
[debug] [2019-09-28T13:01:57.272Z] > refreshing access token with scopes: ["email","https://www.googleapis.com/auth/cloud-platform","https://www.googleapis.com/auth/cloudplatformprojects.readonly","https://www.googleapis.com/auth/firebase","openid"]
[debug] [2019-09-28T13:01:57.272Z] >>> HTTP REQUEST POST https://www.googleapis.com/oauth2/v3/token  
 <request body omitted>
[debug] [2019-09-28T13:01:57.757Z] <<< HTTP RESPONSE 200
[debug] [2019-09-28T13:01:57.840Z] >>> HTTP REQUEST POST https://cloudresourcemanager.googleapis.com/v1/projects/luana04061997:testIamPermissions  

[debug] [2019-09-28T13:01:59.103Z] <<< HTTP RESPONSE 200
[debug] [2019-09-28T13:01:59.107Z] >>> HTTP REQUEST GET https://firebase.googleapis.com/v1beta1/projects/luana04061997  
 
[debug] [2019-09-28T13:02:00.570Z] <<< HTTP RESPONSE 200
[info] 
[info] === Serving from 'C:\Users\luluc\testeFire'...
[info] 
[debug] [2019-09-28T13:02:00.579Z] >>> HTTP REQUEST GET https://firebase.googleapis.com/v1beta1/projects/luana04061997/webApps/-/config  
 
[debug] [2019-09-28T13:02:02.061Z] <<< HTTP RESPONSE 200
[warn] !  hosting: Port 5000 is not available. Trying another port...
[info] i  hosting: Serving hosting files from: public
[info] +  hosting: Local server: http://localhost:5005
[debug] [2019-09-28T14:59:27.944Z] ----------------------------------------------------------------------
[debug] [2019-09-28T14:59:27.947Z] Command:       C:\Program Files\nodejs\node.exe C:\Users\luluc\AppData\Roaming\npm\node_modules\firebase-tools\lib\bin\firebase.js serve
[debug] [2019-09-28T14:59:27.947Z] CLI Version:   7.3.2
[debug] [2019-09-28T14:59:27.947Z] Platform:      win32
[debug] [2019-09-28T14:59:27.947Z] Node Version:  v12.5.0
[debug] [2019-09-28T14:59:27.948Z] Time:          Sat Sep 28 2019 11:59:27 GMT-0300 (GMT-03:00)
[debug] [2019-09-28T14:59:27.948Z] ----------------------------------------------------------------------
[debug] 
[debug] [2019-09-28T14:59:27.962Z] > command requires scopes: ["email","openid","https://www.googleapis.com/auth/cloudplatformprojects.readonly","https://www.googleapis.com/auth/firebase","https://www.googleapis.com/auth/cloud-platform"]
[debug] [2019-09-28T14:59:27.963Z] > authorizing via signed-in user
[debug] [2019-09-28T14:59:27.963Z] [iam] checking project luana04061997 for permissions ["firebase.projects.get"]
[debug] [2019-09-28T14:59:27.966Z] > refreshing access token with scopes: ["email","https://www.googleapis.com/auth/cloud-platform","https://www.googleapis.com/auth/cloudplatformprojects.readonly","https://www.googleapis.com/auth/firebase","openid"]
[debug] [2019-09-28T14:59:27.966Z] >>> HTTP REQUEST POST https://www.googleapis.com/oauth2/v3/token  
 <request body omitted>
[debug] [2019-09-28T14:59:28.488Z] <<< HTTP RESPONSE 200
[debug] [2019-09-28T14:59:28.637Z] >>> HTTP REQUEST POST https://cloudresourcemanager.googleapis.com/v1/projects/luana04061997:testIamPermissions  

[debug] [2019-09-28T14:59:29.945Z] <<< HTTP RESPONSE 200
[debug] [2019-09-28T14:59:29.946Z] >>> HTTP REQUEST GET https://firebase.googleapis.com/v1beta1/projects/luana04061997  
 
[debug] [2019-09-28T14:59:31.423Z] <<< HTTP RESPONSE 200
[info] 
[info] === Serving from 'C:\Users\luluc\testeFire'...
[info] 
[debug] [2019-09-28T14:59:31.432Z] >>> HTTP REQUEST GET https://firebase.googleapis.com/v1beta1/projects/luana04061997/webApps/-/config  
 
[debug] [2019-09-28T14:59:32.901Z] <<< HTTP RESPONSE 200
[info] i  hosting: Serving hosting files from: public
[info] +  hosting: Local server: http://localhost:5000
